<?xml version="1.0" encoding="UTF-8"?>
<!-- Generated by org.testng.reporters.JUnitReportReporter -->
<testsuite skipped="0" hostname="rckstr" name="Excel_Manager.extractJson" tests="1" failures="0" timestamp="01 Jun 2020 05:32:07 GMT" time="0.982" errors="0">
  <testcase name="generate_Reports" time="0.982" classname="Excel_Manager.extractJson"/>
</testsuite> <!-- Excel_Manager.extractJson -->
