<?xml version="1.0" encoding="UTF-8"?>
<!-- Generated by org.testng.reporters.JUnitReportReporter -->
<testsuite skipped="0" hostname="rckstr" name="TestRun.Tests" tests="1" failures="0" timestamp="01 Jun 2020 04:10:52 GMT" time="1.188" errors="0">
  <testcase name="TestRun" time="1.188" classname="TestRun.Tests"/>
</testsuite> <!-- TestRun.Tests -->
