<?xml version="1.0" encoding="UTF-8"?>
<!-- Generated by org.testng.reporters.JUnitReportReporter -->
<testsuite skipped="0" hostname="rckstr" name="Excel_Manager.ReadBasicExcel2" tests="1" failures="0" timestamp="01 Jun 2020 05:31:19 GMT" time="0.930" errors="0">
  <testcase name="generate_JSON" time="0.930" classname="Excel_Manager.ReadBasicExcel2"/>
</testsuite> <!-- Excel_Manager.ReadBasicExcel2 -->
