<?xml version="1.0" encoding="UTF-8"?>
<!-- Generated by org.testng.reporters.JUnitReportReporter -->
<testsuite skipped="0" hostname="rckstr" name="TestRun.TestRunner" tests="1" failures="0" timestamp="01 Jun 2020 05:31:44 GMT" time="2.306" errors="0">
  <testcase name="TestRun" time="2.306" classname="TestRun.TestRunner"/>
</testsuite> <!-- TestRun.TestRunner -->
