<?xml version="1.0" encoding="UTF-8"?>
<!-- Generated by org.testng.reporters.JUnitReportReporter -->
<testsuite skipped="0" hostname="rckstr" name="TestRunner" tests="1" failures="0" timestamp="01 Jun 2020 04:14:55 GMT" time="2.093" errors="0">
  <testcase name="TestRun" time="2.093" classname="TestRunner"/>
</testsuite> <!-- TestRunner -->
